<?xml version="1.0" encoding="UTF-8"?>
<!-- Generated by org.testng.reporters.JUnitXMLReporter -->
<testsuite hostname="ATLDEVVRAJ" ignored="1" name="Default test" tests="1" failures="0" timestamp="05 Jan 2017 23:44:34 GMT" time="0.705" errors="0">
  <testcase name="getTestData" time="0.688" classname="com.fb.automation.LogInTest"/>
  <testcase name="testLogIn" time="0.0" classname="com.fb.automation.LogInTest">
    <ignored/>
  </testcase> <!-- testLogIn -->
</testsuite> <!-- Default test -->
