<?xml version="1.0" encoding="UTF-8"?>
<testng-results skipped="0" failed="0" ignored="1" total="2" passed="1">
  <reporter-output>
  </reporter-output>
  <suite name="Default suite" duration-ms="705" started-at="2017-01-05T23:44:34Z" finished-at="2017-01-05T23:44:34Z">
    <groups>
    </groups>
    <test name="Default test" duration-ms="705" started-at="2017-01-05T23:44:34Z" finished-at="2017-01-05T23:44:34Z">
      <class name="com.fb.automation.LogInTest">
        <test-method status="PASS" signature="getTestData()[pri:0, instance:com.fb.automation.LogInTest@4678c730]" name="getTestData" duration-ms="688" started-at="2017-01-05T18:44:34Z" finished-at="2017-01-05T18:44:34Z">
          <reporter-output>
          </reporter-output>
        </test-method> <!-- getTestData -->
      </class> <!-- com.fb.automation.LogInTest -->
    </test> <!-- Default test -->
  </suite> <!-- Default suite -->
</testng-results>
